Index,ERROR_Number,ERROR_File0,cp "/home/Public/iTunes/iTunes Media/iTunes Media/Music/Compilations/シン・ゴジラ音楽集/01 Persecution of the masses (1172).m4a" "/home/Public/myitunes/myMusic",
1,cp "/home/Public/iTunes/iTunes Media/iTunes Media/Music/Compilations/シン・ゴジラ音楽集/02 ゴジラ上陸「ゴジラ」 _ 進化.m4a" "/home/Public/myitunes/myMusic",
2,cp "/home/Public/iTunes/iTunes Media/iTunes Media/Music/Compilations/シン・ゴジラ音楽集/03 11174_rhythm+melody_demo _ 対峙.m4a" "/home/Public/myitunes/myMusic",
3,cp "/home/Public/iTunes/iTunes Media/iTunes Media/Music/Compilations/シン・ゴジラ音楽集/04 Early morning from Tokyo (short).m4a" "/home/Public/myitunes/myMusic",
4,cp "/home/Public/iTunes/iTunes Media/iTunes Media/Music/Compilations/シン・ゴジラ音楽集/05 11174_light_edit_demo _ 索敵.m4a" "/home/Public/myitunes/myMusic",
5,cp "/home/Public/iTunes/iTunes Media/iTunes Media/Music/Compilations/シン・ゴジラ音楽集/06 EM20_rhythm_GZM _ 組織結成.m4a" "/home/Public/myitunes/myMusic",
6,cp "/home/Public/iTunes/iTunes Media/iTunes Media/Music/Compilations/シン・ゴジラ音楽集/07 EM20_Jerry_GZM _ 情報供与.m4a" "/home/Public/myitunes/myMusic",
7,cp "/home/Public/iTunes/iTunes Media/iTunes Media/Music/Compilations/シン・ゴジラ音楽集/08 ゴジラ復活す「キングコング対ゴジラ」 _ 再上陸.m4a" "/home/Public/myitunes/myMusic",
8,cp "/home/Public/iTunes/iTunes Media/iTunes Media/Music/Compilations/シン・ゴジラ音楽集/09 ゴジラ登場「メカゴジラの逆襲」 _ 脅威.m4a" "/home/Public/myitunes/myMusic",
9,cp "/home/Public/iTunes/iTunes Media/iTunes Media/Music/Compilations/シン・ゴジラ音楽集/10 Black Angels (Feb_10_1211) _ 作戦準備.m4a" "/home/Public/myitunes/myMusic",
10,cp "/home/Public/iTunes/iTunes Media/iTunes Media/Music/Compilations/シン・ゴジラ音楽集/11 Fob_01 _ タバ作戦.m4a" "/home/Public/myitunes/myMusic",
11,cp "/home/Public/iTunes/iTunes Media/iTunes Media/Music/Compilations/シン・ゴジラ音楽集/12 Defeat is no option (1197) _ 進攻.m4a" "/home/Public/myitunes/myMusic",
12,cp "/home/Public/iTunes/iTunes Media/iTunes Media/Music/Compilations/シン・ゴジラ音楽集/13 Who will know (24_bigslow) _ 悲劇.m4a" "/home/Public/myitunes/myMusic",
13,cp "/home/Public/iTunes/iTunes Media/iTunes Media/Music/Compilations/シン・ゴジラ音楽集/14 SS_103_GZM (Famously) _ 報道2.m4a" "/home/Public/myitunes/myMusic",
14,cp "/home/Public/iTunes/iTunes Media/iTunes Media/Music/Compilations/シン・ゴジラ音楽集/15 EM20_Godzilla _ 再始動.m4a" "/home/Public/myitunes/myMusic",
15,cp "/home/Public/iTunes/iTunes Media/iTunes Media/Music/Compilations/シン・ゴジラ音楽集/16 EM20_CH_alterna_01 _ 巨災対.m4a" "/home/Public/myitunes/myMusic",
16,cp "/home/Public/iTunes/iTunes Media/iTunes Media/Music/Compilations/シン・ゴジラ音楽集/17 EM20_CH_alterna_03 _ 報告.m4a" "/home/Public/myitunes/myMusic",
17,cp "/home/Public/iTunes/iTunes Media/iTunes Media/Music/Compilations/シン・ゴジラ音楽集/18 EM20_CH_alterna_04 _ 共闘.m4a" "/home/Public/myitunes/myMusic",
18,cp "/home/Public/iTunes/iTunes Media/iTunes Media/Music/Compilations/シン・ゴジラ音楽集/19 宇宙大戦争「宇宙大戦争」 _ ヤシオリ作戦.m4a" "/home/Public/myitunes/myMusic",
19,cp "/home/Public/iTunes/iTunes Media/iTunes Media/Music/Compilations/シン・ゴジラ音楽集/20 Under a Burning Sky (11174_battle.m4a" "/home/Public/myitunes/myMusic",
20,cp "/home/Public/iTunes/iTunes Media/iTunes Media/Music/Compilations/シン・ゴジラ音楽集/21 Under a Burning Sky (11174_orches.m4a" "/home/Public/myitunes/myMusic",
21,cp "/home/Public/iTunes/iTunes Media/iTunes Media/Music/Compilations/シン・ゴジラ音楽集/22 Omni_00 _ 終局.m4a" "/home/Public/myitunes/myMusic",
22,cp "/home/Public/iTunes/iTunes Media/iTunes Media/Music/Compilations/シン・ゴジラ音楽集/23 ゴジラ・タイトル「ゴジラ」 _ 終曲その１.m4a" "/home/Public/myitunes/myMusic",
23,cp "/home/Public/iTunes/iTunes Media/iTunes Media/Music/Compilations/シン・ゴジラ音楽集/24 メインタイトル「三大怪獣・地球最大の決戦」 _ 終曲その2.m4a" "/home/Public/myitunes/myMusic",
24,cp "/home/Public/iTunes/iTunes Media/iTunes Media/Music/Compilations/シン・ゴジラ音楽集/25 メインタイトル「怪獣大戦争」 _ 終曲その3.m4a" "/home/Public/myitunes/myMusic",
25,cp "/home/Public/iTunes/iTunes Media/iTunes Media/Music/Compilations/シン・ゴジラ音楽集/26 メインタイトル「ゴジラVSメカゴジラ」 _ 終曲その4.m4a" "/home/Public/myitunes/myMusic",
26,cp "/home/Public/iTunes/iTunes Media/iTunes Media/Music/Compilations/シン・ゴジラ音楽集/27 Under a Burning Sky (11174_rhythm.m4a" "/home/Public/myitunes/myMusic",
27,cp "/home/Public/iTunes/iTunes Media/iTunes Media/Music/Compilations/シン・ゴジラ音楽集/28 Early morning from Tokyo.m4a" "/home/Public/myitunes/myMusic",
28,cp "/home/Public/iTunes/iTunes Media/iTunes Media/Music/Compilations/シン・ゴジラ音楽集/29 EM20_rhythm_GZM_full.m4a" "/home/Public/myitunes/myMusic",
29,cp "/home/Public/iTunes/iTunes Media/iTunes Media/Music/Compilations/シン・ゴジラ音楽集/30 EM20_Jerry_GZM_full.m4a" "/home/Public/myitunes/myMusic",
30,cp "/home/Public/iTunes/iTunes Media/iTunes Media/Music/Compilations/シン・ゴジラ音楽集/31 Who will know (24_bigslow_strings.m4a" "/home/Public/myitunes/myMusic",
31,cp "/home/Public/iTunes/iTunes Media/iTunes Media/Music/Compilations/シン・ゴジラ音楽集/32 Under a Burning Sky (11174_united.m4a" "/home/Public/myitunes/myMusic",
