cp "/home/Public/myMusic//iTunes/iTunes Media/iTunes Media/Music/Compilations/かくしん的☆めたまるふぉ～ぜっ!/01 かくしん的☆めたまるふぉ～ぜっ!.m4a" "/home/Public/myMusic/"
cp "/home/Public/myMusic//iTunes/iTunes Media/iTunes Media/Music/Unknown Artist/Unknown Album/竹取飛翔-Vocal−【原曲竹取飛翔　～ Lunatic Princes.mp3" "/home/Public/myMusic/"
cp "/home/Public/myMusic//iTunes/iTunes Media/iTunes Media/Music/橘・シルフィンフォード(CV_古川由利奈)/「干物妹!うまるちゃん」キャラクターソングVol.4「橘・シルフィンフォード」/01 T・S・F in にっぽん!.m4a" "/home/Public/myMusic/"
cp "/home/Public/myMusic//iTunes/iTunes Media/iTunes Media/Music/Unknown Artist/Unknown Album/【東方vocal】囲い無き世は一期の月影 歌詞付.mp3" "/home/Public/myMusic/"
cp "/home/Public/myMusic//iTunes/iTunes Media/iTunes Media/Music/Compilations/EXIT TUNES PRESENTS UTAUSEKAI feat.重音テト、/17 おうちへかえろう。 feat.重音テト.m4a" "/home/Public/myMusic/"
cp "/home/Public/myMusic//iTunes/iTunes Media/iTunes Media/Music/Compilations/這いよれ!ニャル子さんFオープニング&エンディング『這いよれOnce Nyaga/01 這いよれOnce Nyagain.m4a" "/home/Public/myMusic/"
cp "/home/Public/myMusic//iTunes/iTunes Media/iTunes Media/Music/Unknown Artist/Unknown Album/NEUTRAL2 - あたしはお姫様 (Vocal Kaguya the.mp3" "/home/Public/myMusic/"
cp "/home/Public/myMusic//iTunes/iTunes Media/iTunes Media/Music/Unknown Artist/Unknown Album/【東方ボーカル】 「ゆめのあと」 【魂音泉】.mp3" "/home/Public/myMusic/"
cp "/home/Public/myMusic//iTunes/iTunes Media/iTunes Media/Music/Unknown Artist/Unknown Album/美少女万華鏡のセカイへようこそ.mp3" "/home/Public/myMusic/"
cp "/home/Public/myMusic//iTunes/iTunes Media/iTunes Media/Music/Unknown Artist/Unknown Album/東方vocalBGM- 幻想奇談.mp3" "/home/Public/myMusic/"
cp "/home/Public/myMusic//iTunes/iTunes Media/iTunes Media/Music/Unknown Artist/Unknown Album/IOSYS アリス → デレ.mp3" "/home/Public/myMusic/"
cp "/home/Public/myMusic//iTunes/iTunes Media/iTunes Media/Music/senya/色は匂へど散りぬるを/06 孤独月.mp3" "/home/Public/myMusic/"
cp "/home/Public/myMusic//iTunes/iTunes Media/iTunes Media/Music/Unknown Artist/Unknown Album/【東方Vocal】 きゅっとしてフラン! 「IOSYS」.mp3" "/home/Public/myMusic/"
cp "/home/Public/myMusic//iTunes/iTunes Media/iTunes Media/Music/Unknown Artist/Unknown Album/東方vocalNo.81 「Who Killed U.N.Owen」(J.m4a" "/home/Public/myMusic/"
cp "/home/Public/myMusic//iTunes/iTunes Media/iTunes Media/Music/後ろから這いより隊M (喜多村英梨)/WWWキャラクター・ソングシリーズ02 (真尋)/01 Gimme a fork x …やめた。.mp3" "/home/Public/myMusic/"
cp "/home/Public/myMusic//iTunes/iTunes Media/iTunes Media/Music/きゃりーぱみゅぱみゅ/なんだこれくしょん/02 にんじゃりばんばん.mp3" "/home/Public/myMusic/"
cp "/home/Public/myMusic//iTunes/iTunes Media/iTunes Media/Music/きゃりーぱみゅぱみゅ/ぱみゅぱみゅレボリューション/02 つけまつける.m4a" "/home/Public/myMusic/"
cp "/home/Public/myMusic//iTunes/iTunes Media/iTunes Media/Music/きゃりーぱみゅぱみゅ/ぱみゅぱみゅレボリューション/03 PONPONPON.m4a" "/home/Public/myMusic/"
cp "/home/Public/myMusic//iTunes/iTunes Media/iTunes Media/Music/Unknown Artist/Unknown Album/ドヴォルザーク 交響曲第9番「新世界より」第4楽章 小澤征爾指揮ウィーン.mp3" "/home/Public/myMusic/"
cp "/home/Public/myMusic//iTunes/iTunes Media/iTunes Media/Music/Unknown Artist/Unknown Album/EDGE of LIFE - 「Selfy Trick」MV.mp3" "/home/Public/myMusic/"
cp "/home/Public/myMusic//iTunes/iTunes Media/iTunes Media/Music/Compilations/HiNA3 Message/06 1ミリ.m4a" "/home/Public/myMusic/"
cp "/home/Public/myMusic//iTunes/iTunes Media/iTunes Media/Music/MIKU/MIKU/【初音ミク】　鎖の少女　【オリジナル】.mp3" "/home/Public/myMusic/"
cp "/home/Public/myMusic//iTunes/iTunes Media/iTunes Media/Music/藍井エイル/ラピスラズリ/01 ラピスラズリ.m4a" "/home/Public/myMusic/"
cp "/home/Public/myMusic//iTunes/iTunes Media/iTunes Media/Music/Unknown Artist/Unknown Album/Hold on me　～恋の魔法～ -  詩月カオリ.wav" "/home/Public/myMusic/"
cp "/home/Public/myMusic//iTunes/iTunes Media/iTunes Media/Music/Unknown Artist/Unknown Album/Hatsune Miku V3 - Lapis Lazuli (ラピスラ.mp3" "/home/Public/myMusic/"
cp "/home/Public/myMusic//iTunes/iTunes Media/iTunes Media/Music/Unknown Artist/Unknown Album/テンションが最高にＨＩＧＨになる 魂音泉 メドレー.mp3" "/home/Public/myMusic/"
cp "/home/Public/myMusic//iTunes/iTunes Media/iTunes Media/Music/Unknown Artist/Unknown Album/【東方ニコカラ】てゐキャロットへようこそ！！(on vocal).mp3" "/home/Public/myMusic/"
cp "/home/Public/myMusic//iTunes/iTunes Media/iTunes Media/Music/Unknown Artist/Unknown Album/[Touhou] NJK Record -夕やけこやけでまた明日- To.mp3" "/home/Public/myMusic/"
cp "/home/Public/myMusic//iTunes/iTunes Media/iTunes Media/Music/Unknown Artist/Unknown Album/【東方 Touhou Vocal】魂音泉 - とある瀟洒な従者の物語 f.mp3" "/home/Public/myMusic/"
cp "/home/Public/myMusic//iTunes/iTunes Media/iTunes Media/Music/Unknown Artist/Unknown Album/「東方アレンジVocal」C-CLAYS - fairy stage.mp3" "/home/Public/myMusic/"
cp "/home/Public/myMusic//iTunes/iTunes Media/iTunes Media/Music/Unknown Artist/Unknown Album/さユり それは小さな光のような.mp3" "/home/Public/myMusic/"
